<?xml version="1.0" encoding="UTF-8"?>
<!-- Generated by org.testng.reporters.JUnitReportReporter -->
<testsuite skipped="0" hostname="Admin" name="com.crm.qa.testcases.HomePageTest" tests="3" failures="0" timestamp="02 Jun 2018 12:54:11 GMT" time="36.899" errors="0">
  <testcase name="verifyHomePageTitle" time="12.072" classname="com.crm.qa.testcases.HomePageTest"/>
  <testcase name="verifyUserName" time="12.208" classname="com.crm.qa.testcases.HomePageTest"/>
  <testcase name="verifyContactsLinkTest" time="12.619" classname="com.crm.qa.testcases.HomePageTest"/>
</testsuite> <!-- com.crm.qa.testcases.HomePageTest -->
