<?xml version="1.0" encoding="UTF-8"?>
<!-- Generated by org.testng.reporters.JUnitReportReporter -->
<testsuite skipped="0" hostname="Admin" name="com.crm.qa.testcases.LoginPageTest" tests="3" failures="0" timestamp="02 Jun 2018 12:54:11 GMT" time="30.067" errors="0">
  <testcase name="logintest" time="12.093" classname="com.crm.qa.testcases.LoginPageTest"/>
  <testcase name="crmLogotest" time="9.267" classname="com.crm.qa.testcases.LoginPageTest"/>
  <testcase name="loginPageTitleTest" time="8.707" classname="com.crm.qa.testcases.LoginPageTest"/>
</testsuite> <!-- com.crm.qa.testcases.LoginPageTest -->
